INFO:root:2S pass
INFO:root:3K-BAT pass
INFO:root:7UP pass
INFO:root:A pass
INFO:root:AAI pass
INFO:root:AAV pass
INFO:root:ABPIF error
INFO:root:ACC pass
INFO:root:ACE pass
INFO:root:ACG pass
INFO:root:ADVANC pass
INFO:root:AEONTS pass
INFO:root:AFC pass
INFO:root:AGE pass
INFO:root:AH pass
INFO:root:AHC pass
INFO:root:AI pass
INFO:root:AIE pass
INFO:root:AIMCG pass
INFO:root:AIMIRT pass
INFO:root:AIT pass
INFO:root:AJ pass
INFO:root:AJA pass
INFO:root:AKR pass
INFO:root:ALLA pass
INFO:root:ALLY pass
INFO:root:ALT pass
INFO:root:ALUCON pass
INFO:root:AMANAH pass
INFO:root:AMARIN pass
INFO:root:AMATA pass
INFO:root:AMATAR pass
INFO:root:AMATAV pass
INFO:root:AMC pass
INFO:root:AMR pass
INFO:root:ANAN pass
INFO:root:AOT pass
INFO:root:AP pass
INFO:root:APCO pass
INFO:root:APCS pass
INFO:root:APEX error
INFO:root:APURE pass
INFO:root:AQ pass
INFO:root:AQUA pass
INFO:root:AS pass
INFO:root:ASAP pass
INFO:root:ASEFA pass
INFO:root:ASIA pass
INFO:root:ASIAN pass
INFO:root:ASIMAR pass
INFO:root:ASK pass
INFO:root:ASP pass
INFO:root:ASW pass
INFO:root:AURA pass
INFO:root:AWC pass
INFO:root:AYUD pass
INFO:root:B pass
INFO:root:B-WORK pass
INFO:root:B52 pass
INFO:root:BA pass
INFO:root:BAFS pass
INFO:root:BAM pass
INFO:root:BANPU pass
INFO:root:BAREIT pass
INFO:root:BAY pass
INFO:root:BBGI pass
INFO:root:BBL pass
INFO:root:BCH pass
INFO:root:BCP pass
INFO:root:BCPG pass
INFO:root:BCT pass
INFO:root:BDMS pass
INFO:root:BEAUTY pass
INFO:root:BEC pass
INFO:root:BEM pass
INFO:root:BEYOND pass
INFO:root:BGC pass
INFO:root:BGRIM pass
INFO:root:BH pass
INFO:root:BIG pass
INFO:root:BIOTEC pass
INFO:root:BIZ pass
INFO:root:BJC pass
INFO:root:BJCHI pass
INFO:root:BKD pass
INFO:root:BKI pass
INFO:root:BKKCP pass
INFO:root:BLA pass
INFO:root:BLAND pass
INFO:root:BLISS error
INFO:root:BOFFICE pass
INFO:root:BPP pass
INFO:root:BR pass
INFO:root:BRI pass
INFO:root:BROCK pass
INFO:root:BRR pass
INFO:root:BRRGIF pass
INFO:root:BSBM pass
INFO:root:BTG pass
INFO:root:BTNC pass
INFO:root:BTS pass
INFO:root:BTSGIF pass
INFO:root:BUI pass
INFO:root:BWG pass
INFO:root:BYD pass
INFO:root:CBG pass
INFO:root:CCET pass
INFO:root:CCP pass
INFO:root:CEN pass
INFO:root:CENTEL pass
INFO:root:CFRESH pass
INFO:root:CGD pass
INFO:root:CGH pass
INFO:root:CH pass
INFO:root:CHARAN error
INFO:root:CHAYO pass
INFO:root:CHG pass
INFO:root:CHOTI pass
INFO:root:CI pass
INFO:root:CIMBT pass
INFO:root:CITY pass
INFO:root:CIVIL pass
INFO:root:CK pass
INFO:root:CKP pass
INFO:root:CM pass
INFO:root:CMAN pass
INFO:root:CMC pass
INFO:root:CMR pass
INFO:root:CNT pass
INFO:root:COM7 pass
INFO:root:COTTO pass
INFO:root:CPALL pass
INFO:root:CPF pass
INFO:root:CPH pass
INFO:root:CPI pass
INFO:root:CPL pass
INFO:root:CPN pass
INFO:root:CPNCG pass
INFO:root:CPNREIT pass
INFO:root:CPT pass
INFO:root:CPTGF pass
INFO:root:CPW pass
INFO:root:CRANE pass
INFO:root:CRC pass
INFO:root:CSC pass
INFO:root:CSP pass
INFO:root:CSR pass
INFO:root:CSS pass
INFO:root:CTARAF pass
INFO:root:CTW pass
INFO:root:CV pass
INFO:root:CWT pass
INFO:root:DCC pass
INFO:root:DCON pass
INFO:root:DDD pass
INFO:root:DELTA pass
INFO:root:DEMCO pass
INFO:root:DIF pass
INFO:root:DMT pass
INFO:root:DOHOME pass
INFO:root:DREIT pass
INFO:root:DRT pass
INFO:root:DTAC pass
INFO:root:DTCI error
INFO:root:DUSIT pass
INFO:root:EA pass
INFO:root:EASON pass
INFO:root:EASTW pass
INFO:root:ECL pass
INFO:root:EE pass
INFO:root:EGATIF pass
INFO:root:EGCO pass
INFO:root:EKH pass
INFO:root:EMC pass
INFO:root:EP pass
INFO:root:EPG pass
INFO:root:ERW pass
INFO:root:ERWPF pass
INFO:root:ESSO pass
INFO:root:ESTAR pass
INFO:root:ETC pass
INFO:root:EVER pass
INFO:root:F&D pass
INFO:root:FANCY pass
INFO:root:FE pass
INFO:root:FMT pass
INFO:root:FN pass
INFO:root:FNS pass
INFO:root:FORTH pass
INFO:root:FPT pass
INFO:root:FSS pass
INFO:root:FTE pass
INFO:root:FTI pass
INFO:root:FTREIT pass
INFO:root:FUTUREPF pass
INFO:root:GAHREIT pass
INFO:root:GBX pass
INFO:root:GC pass
INFO:root:GEL pass
INFO:root:GENCO pass
INFO:root:GFPT pass
INFO:root:GGC pass
INFO:root:GIFT pass
INFO:root:GJS pass
INFO:root:GL error
INFO:root:GLAND pass
INFO:root:GLOBAL pass
INFO:root:GLOCON pass
INFO:root:GPI pass
INFO:root:GPSC pass
INFO:root:GRAMMY pass
INFO:root:GRAND pass
INFO:root:GREEN pass
INFO:root:GROREIT pass
INFO:root:GSTEEL error
INFO:root:GULF pass
INFO:root:GUNKUL pass
INFO:root:GVREIT pass
INFO:root:GYT error
INFO:root:HANA pass
INFO:root:HENG pass
INFO:root:HFT pass
INFO:root:HMPRO pass
INFO:root:HPF pass
INFO:root:HTC pass
INFO:root:HTECH pass
INFO:root:HUMAN pass
INFO:root:ICC error
INFO:root:ICHI pass
INFO:root:IFEC error
INFO:root:IFS pass
INFO:root:IHL pass
INFO:root:III pass
INFO:root:ILINK pass
INFO:root:ILM pass
INFO:root:IMPACT pass
INFO:root:INET pass
INFO:root:INETREIT pass
INFO:root:INGRS pass
INFO:root:INOX pass
INFO:root:INSET pass
INFO:root:INSURE pass
INFO:root:INTUCH pass
INFO:root:IRC pass
INFO:root:IRPC pass
INFO:root:IT pass
INFO:root:ITD pass
INFO:root:ITEL pass
INFO:root:IVL pass
INFO:root:J pass
INFO:root:JAS pass
INFO:root:JASIF pass
INFO:root:JCK pass
INFO:root:JCT pass
INFO:root:JDF pass
INFO:root:JKN pass
INFO:root:JMART pass
INFO:root:JMT pass
INFO:root:JR pass
INFO:root:JTS pass
INFO:root:JWD pass
INFO:root:KAMART pass
INFO:root:KBANK pass
INFO:root:KBS pass
INFO:root:KBSPIF pass
INFO:root:KC pass
INFO:root:KCAR pass
INFO:root:KCE pass
INFO:root:KDH pass
INFO:root:KEX pass
INFO:root:KGI pass
INFO:root:KIAT pass
INFO:root:KISS pass
INFO:root:KKC pass
INFO:root:KKP pass
INFO:root:KPNPF error
INFO:root:KSL pass
INFO:root:KTB pass
INFO:root:KTBSTMR pass
INFO:root:KTC pass
INFO:root:KTIS pass
INFO:root:KWC pass
INFO:root:KWI pass
INFO:root:KYE pass
INFO:root:L&E pass
INFO:root:LALIN pass
INFO:root:LANNA pass
INFO:root:LEE pass
INFO:root:LH pass
INFO:root:LHFG pass
INFO:root:LHHOTEL pass
INFO:root:LHK pass
INFO:root:LHPF pass
INFO:root:LHSC pass
INFO:root:LOXLEY pass
INFO:root:LPF pass
INFO:root:LPH pass
INFO:root:LPN pass
INFO:root:LRH pass
INFO:root:LST pass
INFO:root:LUXF pass
INFO:root:M pass
INFO:root:M-CHAI pass
INFO:root:M-II pass
INFO:root:M-PAT error
INFO:root:M-STOR error
INFO:root:MACO pass
INFO:root:MAJOR pass
INFO:root:MAKRO pass
INFO:root:MALEE pass
INFO:root:MANRIN pass
INFO:root:MATCH pass
INFO:root:MATI pass
INFO:root:MAX error
INFO:root:MBK pass
INFO:root:MC pass
INFO:root:MCOT pass
INFO:root:MCS pass
INFO:root:MDX pass
INFO:root:MEGA pass
INFO:root:MENA pass
INFO:root:METCO pass
INFO:root:MFC pass
INFO:root:MFEC pass
INFO:root:MICRO pass
INFO:root:MIDA pass
INFO:root:MILL pass
INFO:root:MINT pass
INFO:root:MIPF pass
INFO:root:MIT pass
INFO:root:MJD pass
INFO:root:MJLF pass
INFO:root:MK pass
INFO:root:ML pass
INFO:root:MNIT pass
INFO:root:MNIT2 error
INFO:root:MNRF error
INFO:root:MODERN pass
INFO:root:MONO pass
INFO:root:MPIC pass
INFO:root:MSC pass
INFO:root:MST pass
INFO:root:MTC pass
INFO:root:MTI pass
INFO:root:NATION pass
INFO:root:NC pass
INFO:root:NCAP pass
INFO:root:NCH pass
INFO:root:NEP pass
INFO:root:NER pass
INFO:root:NEW pass
INFO:root:NEX pass
INFO:root:NFC pass
INFO:root:NKI pass
INFO:root:NNCL pass
INFO:root:NOBLE pass
INFO:root:NOK error
INFO:root:NOVA pass
INFO:root:NRF pass
INFO:root:NSI pass
INFO:root:NSL pass
INFO:root:NTV pass
INFO:root:NUSA pass
INFO:root:NV pass
INFO:root:NVD pass
INFO:root:NWR pass
INFO:root:NYT pass
INFO:root:OCC error
INFO:root:OGC pass
INFO:root:OHTL error
INFO:root:OISHI pass
INFO:root:ONEE pass
INFO:root:OR pass
INFO:root:ORI pass
INFO:root:OSP pass
INFO:root:PACE error
INFO:root:PAF pass
INFO:root:PAP pass
INFO:root:PATO pass
INFO:root:PB pass
INFO:root:PCC pass
INFO:root:PCSGH pass
INFO:root:PDJ pass
INFO:root:PEACE pass
INFO:root:PERM pass
INFO:root:PF pass
INFO:root:PG pass
INFO:root:PIN pass
INFO:root:PK pass
INFO:root:PL pass
INFO:root:PLANB pass
INFO:root:PLAT pass
INFO:root:PLE pass
INFO:root:PLUS pass
INFO:root:PM pass
INFO:root:PMTA pass
INFO:root:POLAR error
INFO:root:POLY pass
INFO:root:POMPUI error
INFO:root:POPF pass
INFO:root:PORT pass
INFO:root:POST error
INFO:root:PPF pass
INFO:root:PPP pass
INFO:root:PPPM pass
INFO:root:PR9 pass
INFO:root:PRAKIT pass
INFO:root:PREB pass
INFO:root:PRECHA pass
INFO:root:PRG pass
INFO:root:PRIME pass
INFO:root:PRIN pass
INFO:root:PRINC pass
INFO:root:PRM pass
INFO:root:PRO error
INFO:root:PROSPECT pass
INFO:root:PSH pass
INFO:root:PSL pass
INFO:root:PT pass
INFO:root:PTECH pass
INFO:root:PTG pass
INFO:root:PTL pass
INFO:root:PTT pass
INFO:root:PTTEP pass
INFO:root:PTTGC pass
INFO:root:PYLON pass
INFO:root:Q-CON pass
INFO:root:QH pass
INFO:root:QHHR pass
INFO:root:QHOP pass
INFO:root:QHPF pass
INFO:root:QTC pass
INFO:root:RAM pass
INFO:root:RATCH pass
INFO:root:RBF pass
INFO:root:RCL pass
INFO:root:RICHY pass
INFO:root:RJH pass
INFO:root:RML pass
INFO:root:ROCK pass
INFO:root:ROH pass
INFO:root:ROJNA pass
INFO:root:RPC pass
INFO:root:RPH pass
INFO:root:RS pass
INFO:root:RSP pass
INFO:root:RT pass
INFO:root:S pass
INFO:root:S&J pass
INFO:root:S11 pass
INFO:root:SA pass
INFO:root:SABINA pass
INFO:root:SABUY pass
INFO:root:SAFARI error
INFO:root:SAK pass
INFO:root:SAM pass
INFO:root:SAMART pass
INFO:root:SAMCO pass
INFO:root:SAMTEL pass
INFO:root:SAPPE pass
INFO:root:SAT pass
INFO:root:SAUCE pass
INFO:root:SAWAD pass
INFO:root:SAWANG error
INFO:root:SC pass
INFO:root:SCAP pass
INFO:root:SCB pass
INFO:root:SCC pass
INFO:root:SCCC pass
INFO:root:SCG pass
INFO:root:SCGP pass
INFO:root:SCI pass
INFO:root:SCM pass
INFO:root:SCN pass
INFO:root:SCP pass
INFO:root:SDC pass
INFO:root:SE-ED pass
INFO:root:SEAFCO pass
INFO:root:SENA pass
INFO:root:SFLEX pass
INFO:root:SFP error
INFO:root:SGP pass
INFO:root:SHANG pass
INFO:root:SHR pass
INFO:root:SHREIT pass
INFO:root:SIAM pass
INFO:root:SINGER pass
INFO:root:SIRI pass
INFO:root:SIRIP pass
INFO:root:SIS pass
INFO:root:SISB pass
INFO:root:SITHAI pass
INFO:root:SKE pass
INFO:root:SKN pass
INFO:root:SKR pass
INFO:root:SKY pass
INFO:root:SLP pass
INFO:root:SMIT pass
INFO:root:SMK pass
INFO:root:SMPC pass
INFO:root:SMT pass
INFO:root:SNC pass
INFO:root:SNNP pass
INFO:root:SNP pass
INFO:root:SO pass
INFO:root:SOLAR pass
INFO:root:SORKON pass
INFO:root:SPACK pass
INFO:root:SPALI pass
INFO:root:SPC pass
INFO:root:SPCG pass
INFO:root:SPG pass
INFO:root:SPI pass
INFO:root:SPRC pass
INFO:root:SPRIME pass
INFO:root:SQ pass
INFO:root:SRICHA pass
INFO:root:SRIPANWA pass
INFO:root:SSC pass
INFO:root:SSF pass
INFO:root:SSP pass
INFO:root:SSPF pass
INFO:root:SSSC pass
INFO:root:SST pass
INFO:root:SSTRT pass
INFO:root:STA pass
INFO:root:STANLY pass
INFO:root:STARK pass
INFO:root:STEC pass
INFO:root:STECH pass
INFO:root:STGT pass
INFO:root:STHAI error
INFO:root:STI pass
INFO:root:STPI pass
INFO:root:SUC pass
INFO:root:SUN pass
INFO:root:SUPER pass
INFO:root:SUPEREIF pass
INFO:root:SUSCO pass
INFO:root:SUTHA pass
INFO:root:SVH error
INFO:root:SVI pass
INFO:root:SVOA pass
INFO:root:SVT pass
INFO:root:SYMC pass
INFO:root:SYNEX pass
INFO:root:SYNTEC pass
INFO:root:TAE pass
INFO:root:TASCO pass
INFO:root:TC pass
INFO:root:TCAP pass
INFO:root:TCC pass
INFO:root:TCCC pass
INFO:root:TCJ pass
INFO:root:TCMC pass
INFO:root:TCOAT error
INFO:root:TEAM pass
INFO:root:TEAMG pass
INFO:root:TEGH pass
INFO:root:TEKA pass
INFO:root:TFFIF pass
INFO:root:TFG pass
INFO:root:TFI pass
INFO:root:TFM pass
INFO:root:TFMAMA pass
INFO:root:TGE pass
INFO:root:TGH error
INFO:root:TGPRO pass
INFO:root:TH pass
INFO:root:THAI error
INFO:root:THANI pass
INFO:root:THCOM pass
INFO:root:THE pass
INFO:root:THG pass
INFO:root:THIP pass
INFO:root:THL error
INFO:root:THRE pass
INFO:root:THREL pass
INFO:root:TIDLOR pass
INFO:root:TIF1 pass
INFO:root:TIPCO pass
INFO:root:TIPH pass
INFO:root:TISCO pass
INFO:root:TK pass
INFO:root:TKC pass
INFO:root:TKN pass
INFO:root:TKS pass
INFO:root:TKT pass
INFO:root:TLHPF pass
INFO:root:TLI pass
INFO:root:TMD pass
INFO:root:TMT pass
INFO:root:TNITY pass
INFO:root:TNL pass
INFO:root:TNPC pass
INFO:root:TNPF pass
INFO:root:TNR pass
INFO:root:TOA pass
INFO:root:TOG pass
INFO:root:TOP pass
INFO:root:TOPP error
INFO:root:TPA pass
INFO:root:TPAC pass
INFO:root:TPBI pass
INFO:root:TPCS pass
INFO:root:TPIPL pass
INFO:root:TPIPP pass
INFO:root:TPOLY pass
INFO:root:TPP pass
INFO:root:TPRIME pass
INFO:root:TQM pass
INFO:root:TR pass
INFO:root:TRC pass
INFO:root:TRITN pass
INFO:root:TRU pass
INFO:root:TRUBB pass
INFO:root:TRUE pass
INFO:root:TSC pass
INFO:root:TSE pass
INFO:root:TSI pass
INFO:root:TSR pass
INFO:root:TSTE pass
INFO:root:TSTH pass
INFO:root:TTA pass
INFO:root:TTB pass
INFO:root:TTCL pass
INFO:root:TTI pass
INFO:root:TTLPF pass
INFO:root:TTT error
INFO:root:TTW pass
INFO:root:TU pass
INFO:root:TU-PF error
INFO:root:TVI pass
INFO:root:TVO pass
INFO:root:TWP pass
INFO:root:TWPC pass
INFO:root:TWZ pass
INFO:root:TYCN pass
INFO:root:U error
INFO:root:UAC pass
INFO:root:UBE pass
INFO:root:UMI pass
INFO:root:UNIQ pass
INFO:root:UOBKH pass
INFO:root:UP error
INFO:root:UPF pass
INFO:root:UPOIC pass
INFO:root:URBNPF pass
INFO:root:UTP pass
INFO:root:UV pass
INFO:root:UVAN pass
INFO:root:VARO pass
INFO:root:VGI pass
INFO:root:VIBHA pass
INFO:root:VIH pass
INFO:root:VNG pass
INFO:root:VPO pass
INFO:root:VRANDA pass
INFO:root:W pass
INFO:root:WACOAL pass
INFO:root:WAVE pass
INFO:root:WFX pass
INFO:root:WGE pass
INFO:root:WHA pass
INFO:root:WHABT pass
INFO:root:WHAIR pass
INFO:root:WHART pass
INFO:root:WHAUP pass
INFO:root:WICE pass
INFO:root:WIIK pass
INFO:root:WIN pass
INFO:root:WORK pass
INFO:root:WORLD error
INFO:root:WP pass
INFO:root:WPH pass
INFO:root:XPG pass
INFO:root:ZEN pass
INFO:root:Daily process 2022-12-14 15:57:22.621999 pass
